TN:
SF:src\app.ts
FNF:0
FNH:0
DA:1,1
DA:2,1
DA:3,1
DA:4,1
DA:6,1
DA:8,1
DA:9,1
DA:10,1
DA:12,1
DA:14,1
LF:10
LH:10
BRF:0
BRH:0
end_of_record
TN:
SF:src\config\db.ts
FN:19,connectDB
FNF:1
FNH:0
FNDA:0,connectDB
DA:1,1
DA:2,1
DA:5,1
DA:8,1
DA:9,1
DA:10,1
DA:11,1
DA:12,1
DA:16,1
DA:19,1
DA:20,0
DA:21,0
DA:22,0
DA:23,0
DA:26,0
DA:31,1
DA:35,1
LF:17
LH:12
BRF:0
BRH:0
end_of_record
TN:
SF:src\controllers\product\01 - createProduct.ts
FN:4,(anonymous_7)
FN:4,(anonymous_8)
FN:14,(anonymous_9)
FN:14,(anonymous_10)
FNF:4
FNH:4
FNDA:17,(anonymous_7)
FNDA:17,(anonymous_8)
FNDA:17,(anonymous_9)
FNDA:17,(anonymous_10)
DA:1,1
DA:4,17
DA:5,17
DA:11,17
DA:14,17
DA:15,17
DA:16,15
DA:19,15
DA:21,15
LF:9
LH:9
BRDA:11,0,0,2
BRF:1
BRH:1
end_of_record
TN:
SF:src\controllers\product\02 - getProducts.ts
FN:3,(anonymous_7)
FN:3,(anonymous_8)
FN:17,(anonymous_9)
FN:17,(anonymous_10)
FNF:4
FNH:4
FNDA:4,(anonymous_7)
FNDA:4,(anonymous_8)
FNDA:12,(anonymous_9)
FNDA:12,(anonymous_10)
DA:1,1
DA:3,4
DA:5,4
DA:12,4
DA:14,2
DA:17,12
DA:19,12
DA:27,12
DA:29,9
LF:9
LH:9
BRDA:12,0,0,2
BRDA:27,1,0,3
BRF:2
BRH:2
end_of_record
TN:
SF:src\controllers\product\03 - updateProduct.ts
FN:5,(anonymous_7)
FN:5,(anonymous_8)
FN:28,(anonymous_9)
FN:28,(anonymous_10)
FNF:4
FNH:4
FNDA:6,(anonymous_7)
FNDA:6,(anonymous_8)
FNDA:7,(anonymous_9)
FNDA:7,(anonymous_10)
DA:1,1
DA:3,1
DA:5,6
DA:7,6
DA:9,5
DA:11,3
DA:21,3
DA:23,3
DA:25,3
DA:28,7
DA:30,7
DA:32,7
DA:34,3
DA:36,3
DA:38,3
LF:15
LH:15
BRDA:9,0,0,2
BRDA:9,1,0,5
BRDA:9,1,1,3
BRDA:21,2,0,0
BRDA:32,3,0,4
BRF:5
BRH:4
end_of_record
TN:
SF:src\controllers\product\04 - deleteProduct.ts
FN:4,(anonymous_7)
FN:4,(anonymous_8)
FN:14,(anonymous_9)
FN:14,(anonymous_10)
FNF:4
FNH:4
FNDA:2,(anonymous_7)
FNDA:2,(anonymous_8)
FNDA:3,(anonymous_9)
FNDA:3,(anonymous_10)
DA:1,1
DA:4,2
DA:5,2
DA:7,2
DA:9,2
DA:11,2
DA:14,3
DA:16,3
DA:22,3
DA:24,2
LF:10
LH:10
BRDA:22,0,0,1
BRF:1
BRH:1
end_of_record
TN:
SF:src\controllers\product\index.ts
FN:7,(anonymous_0)
FN:7,(anonymous_1)
FN:7,(anonymous_2)
FN:7,(anonymous_3)
FN:7,(anonymous_4)
FN:7,(anonymous_5)
FN:7,(anonymous_6)
FNF:7
FNH:7
FNDA:17,(anonymous_0)
FNDA:4,(anonymous_1)
FNDA:3,(anonymous_2)
FNDA:6,(anonymous_3)
FNDA:7,(anonymous_4)
FNDA:2,(anonymous_5)
FNDA:3,(anonymous_6)
DA:1,1
DA:2,1
DA:3,1
DA:4,1
DA:7,18
LF:5
LH:5
BRF:0
BRH:0
end_of_record
TN:
SF:src\handlers\productsHandlers.ts
FN:5,GET
FN:14,GETBYID
FN:26,POST
FN:36,PUT
FN:50,PATCH
FN:61,DELETE
FN:71,TRUEDELETE
FNF:7
FNH:7
FNDA:4,GET
FNDA:3,GETBYID
FNDA:17,POST
FNDA:6,PUT
FNDA:7,PATCH
FNDA:2,DELETE
FNDA:3,TRUEDELETE
DA:2,1
DA:5,1
DA:6,4
DA:7,4
DA:8,2
DA:10,2
DA:14,1
DA:15,3
DA:17,3
DA:18,3
DA:19,1
DA:21,2
DA:26,1
DA:27,17
DA:28,17
DA:29,17
DA:30,15
DA:32,2
DA:36,1
DA:37,6
DA:38,6
DA:40,6
DA:41,6
DA:42,3
DA:44,3
DA:47,0
DA:50,1
DA:51,7
DA:52,7
DA:53,7
DA:54,3
DA:56,4
DA:58,0
DA:61,1
DA:62,2
DA:63,2
DA:64,2
DA:65,2
DA:67,0
DA:71,1
DA:72,3
DA:73,3
DA:74,3
DA:75,2
DA:77,1
LF:45
LH:42
BRF:0
BRH:0
end_of_record
TN:
SF:src\middlewares\product.ts
FN:4,postProduct
FN:14,(anonymous_9)
FNF:2
FNH:1
FNDA:17,postProduct
FNDA:0,(anonymous_9)
DA:2,1
DA:4,1
DA:6,17
DA:10,17
DA:14,0
DA:15,17
DA:16,17
DA:17,0
DA:19,17
LF:9
LH:7
BRDA:16,0,0,0
BRF:1
BRH:0
end_of_record
TN:
SF:src\models\Product.ts
FN:3,(anonymous_0)
FNF:1
FNH:1
FNDA:1,(anonymous_0)
DA:1,1
DA:3,1
DA:4,1
LF:3
LH:3
BRF:0
BRH:0
end_of_record
TN:
SF:src\routes\index.ts
FN:5,(anonymous_1)
FN:13,(anonymous_2)
FN:19,(anonymous_3)
FNF:3
FNH:0
FNDA:0,(anonymous_1)
FNDA:0,(anonymous_2)
FNDA:0,(anonymous_3)
DA:1,1
DA:2,1
DA:4,1
DA:5,1
DA:6,0
DA:11,1
DA:13,1
DA:14,0
DA:15,0
DA:16,0
DA:19,1
DA:20,0
DA:25,1
LF:13
LH:8
BRDA:20,0,0,0
BRDA:20,0,1,0
BRDA:21,1,0,0
BRDA:21,1,1,0
BRF:4
BRH:0
end_of_record
TN:
SF:src\routes\productRouter.ts
FNF:0
FNH:0
DA:1,1
DA:5,1
DA:7,1
DA:11,1
DA:15,1
DA:16,1
DA:17,1
DA:18,1
DA:19,1
DA:20,1
DA:21,1
DA:23,1
LF:12
LH:12
BRF:0
BRH:0
end_of_record
