{"C:\\Users\\EXO\\Documents\\Programación\\Proyectos\\Full\\project-manager-PERN\\api\\src\\app.ts": {"path":"C:\\Users\\EXO\\Documents\\Programación\\Proyectos\\Full\\project-manager-PERN\\api\\src\\app.ts","statementMap":{"0":{"start":{"line":1,"column":0},"end":{"line":1,"column":30}},"1":{"start":{"line":2,"column":0},"end":{"line":2,"column":23}},"2":{"start":{"line":3,"column":0},"end":{"line":3,"column":27}},"3":{"start":{"line":4,"column":0},"end":{"line":4,"column":34}},"4":{"start":{"line":6,"column":12},"end":{"line":6,"column":21}},"5":{"start":{"line":8,"column":0},"end":{"line":8,"column":23}},"6":{"start":{"line":9,"column":0},"end":{"line":9,"column":24}},"7":{"start":{"line":10,"column":0},"end":{"line":10,"column":16}},"8":{"start":{"line":12,"column":0},"end":{"line":12,"column":26}},"9":{"start":{"line":14,"column":0},"end":{"line":14,"column":19}}},"fnMap":{},"branchMap":{},"s":{"0":1,"1":1,"2":1,"3":1,"4":1,"5":1,"6":1,"7":1,"8":1,"9":1},"f":{},"b":{}}
,"C:\\Users\\EXO\\Documents\\Programación\\Proyectos\\Full\\project-manager-PERN\\api\\src\\config\\db.ts": {"path":"C:\\Users\\EXO\\Documents\\Programación\\Proyectos\\Full\\project-manager-PERN\\api\\src\\config\\db.ts","statementMap":{"0":{"start":{"line":1,"column":0},"end":{"line":1,"column":23}},"1":{"start":{"line":2,"column":0},"end":{"line":2,"column":49}},"2":{"start":{"line":5,"column":0},"end":{"line":5,"column":45}},"3":{"start":{"line":8,"column":24},"end":{"line":8,"column":43}},"4":{"start":{"line":9,"column":28},"end":{"line":9,"column":51}},"5":{"start":{"line":10,"column":23},"end":{"line":10,"column":42}},"6":{"start":{"line":11,"column":24},"end":{"line":11,"column":43}},"7":{"start":{"line":12,"column":24},"end":{"line":12,"column":43}},"8":{"start":{"line":16,"column":13},"end":{"line":16,"column":132}},"9":{"start":{"line":20,"column":2},"end":{"line":27,"column":3}},"10":{"start":{"line":21,"column":4},"end":{"line":21,"column":35}},"11":{"start":{"line":22,"column":4},"end":{"line":22,"column":null}},"12":{"start":{"line":23,"column":4},"end":{"line":23,"column":null}},"13":{"start":{"line":26,"column":4},"end":{"line":26,"column":null}},"14":{"start":{"line":19,"column":0},"end":{"line":19,"column":22}},"15":{"start":{"line":31,"column":0},"end":{"line":31,"column":24}},"16":{"start":{"line":35,"column":15},"end":{"line":35,"column":44}}},"fnMap":{"0":{"name":"connectDB","decl":{"start":{"line":19,"column":22},"end":{"line":19,"column":31}},"loc":{"start":{"line":19,"column":31},"end":{"line":28,"column":null}}}},"branchMap":{},"s":{"0":1,"1":1,"2":1,"3":1,"4":1,"5":1,"6":1,"7":1,"8":1,"9":0,"10":0,"11":0,"12":0,"13":0,"14":1,"15":1,"16":1},"f":{"0":0},"b":{}}
,"C:\\Users\\EXO\\Documents\\Programación\\Proyectos\\Full\\project-manager-PERN\\api\\src\\controllers\\product\\01 - createProduct.ts": {"path":"C:\\Users\\EXO\\Documents\\Programación\\Proyectos\\Full\\project-manager-PERN\\api\\src\\controllers\\product\\01 - createProduct.ts","statementMap":{"0":{"start":{"line":1,"column":0},"end":{"line":1,"column":42}},"1":{"start":{"line":4,"column":18},"end":{"line":12,"column":null}},"2":{"start":{"line":4,"column":39},"end":{"line":12,"column":null}},"3":{"start":{"line":5,"column":23},"end":{"line":9,"column":4}},"4":{"start":{"line":11,"column":2},"end":{"line":11,"column":null}},"5":{"start":{"line":11,"column":19},"end":{"line":11,"column":null}},"6":{"start":{"line":14,"column":29},"end":{"line":23,"column":null}},"7":{"start":{"line":14,"column":63},"end":{"line":23,"column":null}},"8":{"start":{"line":15,"column":2},"end":{"line":15,"column":24}},"9":{"start":{"line":16,"column":24},"end":{"line":18,"column":null}},"10":{"start":{"line":19,"column":21},"end":{"line":19,"column":56}},"11":{"start":{"line":21,"column":2},"end":{"line":21,"column":null}},"12":{"start":{"line":14,"column":13},"end":{"line":14,"column":29}}},"fnMap":{"0":{"name":"(anonymous_7)","decl":{"start":{"line":4,"column":18},"end":{"line":4,"column":24}},"loc":{"start":{"line":4,"column":39},"end":{"line":12,"column":null}}},"1":{"name":"(anonymous_8)","decl":{"start":{"line":4,"column":39},"end":{"line":4,"column":null}},"loc":{"start":{"line":4,"column":39},"end":{"line":12,"column":1}}},"2":{"name":"(anonymous_9)","decl":{"start":{"line":14,"column":29},"end":{"line":14,"column":36}},"loc":{"start":{"line":14,"column":63},"end":{"line":23,"column":null}}},"3":{"name":"(anonymous_10)","decl":{"start":{"line":14,"column":63},"end":{"line":14,"column":null}},"loc":{"start":{"line":14,"column":59},"end":{"line":23,"column":1}}}},"branchMap":{"0":{"loc":{"start":{"line":11,"column":2},"end":{"line":11,"column":null}},"type":"if","locations":[{"start":{"line":11,"column":2},"end":{"line":11,"column":null}}]}},"s":{"0":1,"1":1,"2":15,"3":15,"4":15,"5":2,"6":1,"7":15,"8":15,"9":13,"10":13,"11":13,"12":1},"f":{"0":15,"1":15,"2":15,"3":15},"b":{"0":[2]}}
,"C:\\Users\\EXO\\Documents\\Programación\\Proyectos\\Full\\project-manager-PERN\\api\\src\\controllers\\product\\02 - getProducts.ts": {"path":"C:\\Users\\EXO\\Documents\\Programación\\Proyectos\\Full\\project-manager-PERN\\api\\src\\controllers\\product\\02 - getProducts.ts","statementMap":{"0":{"start":{"line":1,"column":0},"end":{"line":1,"column":42}},"1":{"start":{"line":3,"column":27},"end":{"line":15,"column":2}},"2":{"start":{"line":3,"column":38},"end":{"line":15,"column":2}},"3":{"start":{"line":5,"column":19},"end":{"line":10,"column":4}},"4":{"start":{"line":12,"column":2},"end":{"line":12,"column":54}},"5":{"start":{"line":12,"column":23},"end":{"line":12,"column":54}},"6":{"start":{"line":14,"column":2},"end":{"line":14,"column":null}},"7":{"start":{"line":3,"column":13},"end":{"line":3,"column":27}},"8":{"start":{"line":17,"column":30},"end":{"line":31,"column":2}},"9":{"start":{"line":17,"column":50},"end":{"line":31,"column":2}},"10":{"start":{"line":19,"column":18},"end":{"line":25,"column":4}},"11":{"start":{"line":27,"column":2},"end":{"line":27,"column":52}},"12":{"start":{"line":27,"column":15},"end":{"line":27,"column":52}},"13":{"start":{"line":29,"column":2},"end":{"line":29,"column":null}},"14":{"start":{"line":17,"column":13},"end":{"line":17,"column":30}}},"fnMap":{"0":{"name":"(anonymous_7)","decl":{"start":{"line":3,"column":27},"end":{"line":3,"column":36}},"loc":{"start":{"line":3,"column":38},"end":{"line":15,"column":2}}},"1":{"name":"(anonymous_8)","decl":{"start":{"line":3,"column":38},"end":{"line":3,"column":null}},"loc":{"start":{"line":3,"column":38},"end":{"line":15,"column":1}}},"2":{"name":"(anonymous_9)","decl":{"start":{"line":17,"column":30},"end":{"line":17,"column":37}},"loc":{"start":{"line":17,"column":50},"end":{"line":31,"column":2}}},"3":{"name":"(anonymous_10)","decl":{"start":{"line":17,"column":50},"end":{"line":17,"column":null}},"loc":{"start":{"line":17,"column":50},"end":{"line":31,"column":1}}}},"branchMap":{"0":{"loc":{"start":{"line":12,"column":2},"end":{"line":12,"column":54}},"type":"if","locations":[{"start":{"line":12,"column":2},"end":{"line":12,"column":54}}]},"1":{"loc":{"start":{"line":27,"column":2},"end":{"line":27,"column":52}},"type":"if","locations":[{"start":{"line":27,"column":2},"end":{"line":27,"column":52}}]}},"s":{"0":1,"1":1,"2":4,"3":4,"4":4,"5":2,"6":2,"7":1,"8":1,"9":12,"10":12,"11":12,"12":3,"13":9,"14":1},"f":{"0":4,"1":4,"2":12,"3":12},"b":{"0":[2],"1":[3]}}
,"C:\\Users\\EXO\\Documents\\Programación\\Proyectos\\Full\\project-manager-PERN\\api\\src\\controllers\\product\\03 - updateProduct.ts": {"path":"C:\\Users\\EXO\\Documents\\Programación\\Proyectos\\Full\\project-manager-PERN\\api\\src\\controllers\\product\\03 - updateProduct.ts","statementMap":{"0":{"start":{"line":1,"column":0},"end":{"line":1,"column":42}},"1":{"start":{"line":3,"column":0},"end":{"line":3,"column":52}},"2":{"start":{"line":5,"column":29},"end":{"line":26,"column":null}},"3":{"start":{"line":5,"column":63},"end":{"line":26,"column":null}},"4":{"start":{"line":7,"column":2},"end":{"line":7,"column":27}},"5":{"start":{"line":9,"column":2},"end":{"line":9,"column":null}},"6":{"start":{"line":9,"column":32},"end":{"line":9,"column":null}},"7":{"start":{"line":11,"column":22},"end":{"line":18,"column":null}},"8":{"start":{"line":21,"column":2},"end":{"line":21,"column":null}},"9":{"start":{"line":21,"column":27},"end":{"line":21,"column":null}},"10":{"start":{"line":23,"column":18},"end":{"line":23,"column":42}},"11":{"start":{"line":25,"column":2},"end":{"line":25,"column":17}},"12":{"start":{"line":5,"column":13},"end":{"line":5,"column":29}},"13":{"start":{"line":28,"column":29},"end":{"line":40,"column":2}},"14":{"start":{"line":28,"column":49},"end":{"line":40,"column":2}},"15":{"start":{"line":30,"column":22},"end":{"line":30,"column":48}},"16":{"start":{"line":32,"column":2},"end":{"line":32,"column":null}},"17":{"start":{"line":32,"column":15},"end":{"line":32,"column":null}},"18":{"start":{"line":34,"column":2},"end":{"line":34,"column":37}},"19":{"start":{"line":36,"column":2},"end":{"line":36,"column":23}},"20":{"start":{"line":38,"column":2},"end":{"line":38,"column":17}},"21":{"start":{"line":28,"column":13},"end":{"line":28,"column":29}}},"fnMap":{"0":{"name":"(anonymous_7)","decl":{"start":{"line":5,"column":29},"end":{"line":5,"column":36}},"loc":{"start":{"line":5,"column":63},"end":{"line":26,"column":null}}},"1":{"name":"(anonymous_8)","decl":{"start":{"line":5,"column":63},"end":{"line":5,"column":null}},"loc":{"start":{"line":5,"column":59},"end":{"line":26,"column":1}}},"2":{"name":"(anonymous_9)","decl":{"start":{"line":28,"column":29},"end":{"line":28,"column":36}},"loc":{"start":{"line":28,"column":49},"end":{"line":40,"column":2}}},"3":{"name":"(anonymous_10)","decl":{"start":{"line":28,"column":49},"end":{"line":28,"column":null}},"loc":{"start":{"line":28,"column":49},"end":{"line":40,"column":1}}}},"branchMap":{"0":{"loc":{"start":{"line":9,"column":2},"end":{"line":9,"column":null}},"type":"if","locations":[{"start":{"line":9,"column":2},"end":{"line":9,"column":null}}]},"1":{"loc":{"start":{"line":9,"column":5},"end":{"line":9,"column":30}},"type":"binary-expr","locations":[{"start":{"line":9,"column":5},"end":{"line":9,"column":15}},{"start":{"line":9,"column":19},"end":{"line":9,"column":30}}]},"2":{"loc":{"start":{"line":21,"column":2},"end":{"line":21,"column":null}},"type":"if","locations":[{"start":{"line":21,"column":2},"end":{"line":21,"column":null}}]},"3":{"loc":{"start":{"line":32,"column":2},"end":{"line":32,"column":null}},"type":"if","locations":[{"start":{"line":32,"column":2},"end":{"line":32,"column":null}}]}},"s":{"0":1,"1":1,"2":1,"3":6,"4":6,"5":5,"6":2,"7":3,"8":3,"9":0,"10":3,"11":3,"12":1,"13":1,"14":7,"15":7,"16":7,"17":4,"18":3,"19":3,"20":3,"21":1},"f":{"0":6,"1":6,"2":7,"3":7},"b":{"0":[2],"1":[5,3],"2":[0],"3":[4]}}
,"C:\\Users\\EXO\\Documents\\Programación\\Proyectos\\Full\\project-manager-PERN\\api\\src\\controllers\\product\\04 - deleteProduct.ts": {"path":"C:\\Users\\EXO\\Documents\\Programación\\Proyectos\\Full\\project-manager-PERN\\api\\src\\controllers\\product\\04 - deleteProduct.ts","statementMap":{"0":{"start":{"line":1,"column":0},"end":{"line":1,"column":42}},"1":{"start":{"line":4,"column":29},"end":{"line":12,"column":2}},"2":{"start":{"line":4,"column":49},"end":{"line":12,"column":2}},"3":{"start":{"line":5,"column":22},"end":{"line":5,"column":48}},"4":{"start":{"line":7,"column":2},"end":{"line":7,"column":37}},"5":{"start":{"line":9,"column":2},"end":{"line":9,"column":23}},"6":{"start":{"line":11,"column":2},"end":{"line":11,"column":17}},"7":{"start":{"line":4,"column":13},"end":{"line":4,"column":29}},"8":{"start":{"line":14,"column":29},"end":{"line":26,"column":2}},"9":{"start":{"line":14,"column":49},"end":{"line":26,"column":2}},"10":{"start":{"line":16,"column":25},"end":{"line":20,"column":4}},"11":{"start":{"line":22,"column":2},"end":{"line":22,"column":89}},"12":{"start":{"line":22,"column":22},"end":{"line":22,"column":89}},"13":{"start":{"line":24,"column":2},"end":{"line":24,"column":24}},"14":{"start":{"line":14,"column":13},"end":{"line":14,"column":29}}},"fnMap":{"0":{"name":"(anonymous_7)","decl":{"start":{"line":4,"column":29},"end":{"line":4,"column":36}},"loc":{"start":{"line":4,"column":49},"end":{"line":12,"column":2}}},"1":{"name":"(anonymous_8)","decl":{"start":{"line":4,"column":49},"end":{"line":4,"column":null}},"loc":{"start":{"line":4,"column":49},"end":{"line":12,"column":1}}},"2":{"name":"(anonymous_9)","decl":{"start":{"line":14,"column":29},"end":{"line":14,"column":36}},"loc":{"start":{"line":14,"column":49},"end":{"line":26,"column":2}}},"3":{"name":"(anonymous_10)","decl":{"start":{"line":14,"column":49},"end":{"line":14,"column":null}},"loc":{"start":{"line":14,"column":49},"end":{"line":26,"column":1}}}},"branchMap":{"0":{"loc":{"start":{"line":22,"column":2},"end":{"line":22,"column":89}},"type":"if","locations":[{"start":{"line":22,"column":2},"end":{"line":22,"column":89}}]}},"s":{"0":1,"1":1,"2":2,"3":2,"4":2,"5":2,"6":2,"7":1,"8":1,"9":0,"10":0,"11":0,"12":0,"13":0,"14":1},"f":{"0":2,"1":2,"2":0,"3":0},"b":{"0":[0]}}
,"C:\\Users\\EXO\\Documents\\Programación\\Proyectos\\Full\\project-manager-PERN\\api\\src\\controllers\\product\\index.ts": {"path":"C:\\Users\\EXO\\Documents\\Programación\\Proyectos\\Full\\project-manager-PERN\\api\\src\\controllers\\product\\index.ts","statementMap":{"0":{"start":{"line":1,"column":0},"end":{"line":1,"column":9}},"1":{"start":{"line":7,"column":2},"end":{"line":1,"column":53}},"2":{"start":{"line":2,"column":0},"end":{"line":2,"column":9}},"3":{"start":{"line":7,"column":31},"end":{"line":2,"column":21}},"4":{"start":{"line":7,"column":16},"end":{"line":2,"column":64}},"5":{"start":{"line":3,"column":0},"end":{"line":3,"column":9}},"6":{"start":{"line":7,"column":44},"end":{"line":3,"column":23}},"7":{"start":{"line":7,"column":87},"end":{"line":3,"column":66}},"8":{"start":{"line":4,"column":0},"end":{"line":4,"column":9}},"9":{"start":{"line":7,"column":59},"end":{"line":4,"column":23}},"10":{"start":{"line":7,"column":73},"end":{"line":4,"column":67}}},"fnMap":{"0":{"name":"(anonymous_0)","decl":{"start":{"line":7,"column":2},"end":{"line":7,"column":15}},"loc":{"start":{"line":7,"column":2},"end":{"line":1,"column":53}}},"1":{"name":"(anonymous_1)","decl":{"start":{"line":7,"column":31},"end":{"line":7,"column":42}},"loc":{"start":{"line":7,"column":31},"end":{"line":2,"column":21}}},"2":{"name":"(anonymous_2)","decl":{"start":{"line":7,"column":16},"end":{"line":7,"column":30}},"loc":{"start":{"line":7,"column":16},"end":{"line":2,"column":64}}},"3":{"name":"(anonymous_3)","decl":{"start":{"line":7,"column":44},"end":{"line":7,"column":57}},"loc":{"start":{"line":7,"column":44},"end":{"line":3,"column":23}}},"4":{"name":"(anonymous_4)","decl":{"start":{"line":7,"column":87},"end":{"line":7,"column":99}},"loc":{"start":{"line":7,"column":87},"end":{"line":3,"column":66}}},"5":{"name":"(anonymous_5)","decl":{"start":{"line":7,"column":59},"end":{"line":7,"column":72}},"loc":{"start":{"line":7,"column":59},"end":{"line":4,"column":23}}},"6":{"name":"(anonymous_6)","decl":{"start":{"line":7,"column":73},"end":{"line":7,"column":86}},"loc":{"start":{"line":7,"column":73},"end":{"line":4,"column":67}}}},"branchMap":{},"s":{"0":1,"1":16,"2":1,"3":5,"4":4,"5":1,"6":7,"7":8,"8":1,"9":3,"10":1},"f":{"0":15,"1":4,"2":3,"3":6,"4":7,"5":2,"6":0},"b":{}}
,"C:\\Users\\EXO\\Documents\\Programación\\Proyectos\\Full\\project-manager-PERN\\api\\src\\handlers\\productsHandlers.ts": {"path":"C:\\Users\\EXO\\Documents\\Programación\\Proyectos\\Full\\project-manager-PERN\\api\\src\\handlers\\productsHandlers.ts","statementMap":{"0":{"start":{"line":2,"column":0},"end":{"line":2,"column":140}},"1":{"start":{"line":6,"column":2},"end":{"line":11,"column":3}},"2":{"start":{"line":7,"column":21},"end":{"line":7,"column":40}},"3":{"start":{"line":8,"column":4},"end":{"line":8,"column":null}},"4":{"start":{"line":10,"column":4},"end":{"line":10,"column":null}},"5":{"start":{"line":5,"column":0},"end":{"line":5,"column":22}},"6":{"start":{"line":15,"column":17},"end":{"line":15,"column":27}},"7":{"start":{"line":17,"column":2},"end":{"line":22,"column":3}},"8":{"start":{"line":18,"column":20},"end":{"line":18,"column":44}},"9":{"start":{"line":19,"column":4},"end":{"line":19,"column":null}},"10":{"start":{"line":21,"column":4},"end":{"line":21,"column":null}},"11":{"start":{"line":14,"column":0},"end":{"line":14,"column":22}},"12":{"start":{"line":27,"column":15},"end":{"line":27,"column":23}},"13":{"start":{"line":28,"column":2},"end":{"line":33,"column":3}},"14":{"start":{"line":29,"column":23},"end":{"line":29,"column":48}},"15":{"start":{"line":30,"column":4},"end":{"line":30,"column":null}},"16":{"start":{"line":32,"column":4},"end":{"line":32,"column":null}},"17":{"start":{"line":26,"column":0},"end":{"line":26,"column":22}},"18":{"start":{"line":37,"column":17},"end":{"line":37,"column":27}},"19":{"start":{"line":38,"column":15},"end":{"line":38,"column":23}},"20":{"start":{"line":40,"column":2},"end":{"line":45,"column":3}},"21":{"start":{"line":41,"column":27},"end":{"line":41,"column":57}},"22":{"start":{"line":42,"column":4},"end":{"line":42,"column":null}},"23":{"start":{"line":44,"column":4},"end":{"line":44,"column":null}},"24":{"start":{"line":47,"column":2},"end":{"line":47,"column":null}},"25":{"start":{"line":36,"column":0},"end":{"line":36,"column":22}},"26":{"start":{"line":51,"column":17},"end":{"line":51,"column":27}},"27":{"start":{"line":52,"column":2},"end":{"line":57,"column":3}},"28":{"start":{"line":53,"column":20},"end":{"line":53,"column":42}},"29":{"start":{"line":54,"column":4},"end":{"line":54,"column":41}},"30":{"start":{"line":56,"column":4},"end":{"line":56,"column":null}},"31":{"start":{"line":58,"column":2},"end":{"line":58,"column":null}},"32":{"start":{"line":50,"column":0},"end":{"line":50,"column":22}},"33":{"start":{"line":62,"column":17},"end":{"line":62,"column":27}},"34":{"start":{"line":63,"column":2},"end":{"line":68,"column":3}},"35":{"start":{"line":64,"column":27},"end":{"line":64,"column":50}},"36":{"start":{"line":65,"column":4},"end":{"line":65,"column":48}},"37":{"start":{"line":67,"column":4},"end":{"line":67,"column":null}},"38":{"start":{"line":61,"column":0},"end":{"line":61,"column":22}},"39":{"start":{"line":72,"column":17},"end":{"line":72,"column":27}},"40":{"start":{"line":73,"column":2},"end":{"line":78,"column":3}},"41":{"start":{"line":74,"column":27},"end":{"line":74,"column":50}},"42":{"start":{"line":75,"column":4},"end":{"line":75,"column":48}},"43":{"start":{"line":77,"column":4},"end":{"line":77,"column":null}},"44":{"start":{"line":71,"column":0},"end":{"line":71,"column":22}}},"fnMap":{"0":{"name":"GET","decl":{"start":{"line":5,"column":22},"end":{"line":5,"column":25}},"loc":{"start":{"line":5,"column":50},"end":{"line":12,"column":null}}},"1":{"name":"GETBYID","decl":{"start":{"line":14,"column":22},"end":{"line":14,"column":29}},"loc":{"start":{"line":14,"column":54},"end":{"line":24,"column":null}}},"2":{"name":"POST","decl":{"start":{"line":26,"column":22},"end":{"line":26,"column":26}},"loc":{"start":{"line":26,"column":51},"end":{"line":34,"column":null}}},"3":{"name":"PUT","decl":{"start":{"line":36,"column":22},"end":{"line":36,"column":25}},"loc":{"start":{"line":36,"column":50},"end":{"line":48,"column":null}}},"4":{"name":"PATCH","decl":{"start":{"line":50,"column":22},"end":{"line":50,"column":27}},"loc":{"start":{"line":50,"column":52},"end":{"line":59,"column":null}}},"5":{"name":"DELETE","decl":{"start":{"line":61,"column":22},"end":{"line":61,"column":28}},"loc":{"start":{"line":61,"column":53},"end":{"line":69,"column":null}}},"6":{"name":"TRUEDELETE","decl":{"start":{"line":71,"column":22},"end":{"line":71,"column":32}},"loc":{"start":{"line":71,"column":57},"end":{"line":79,"column":null}}}},"branchMap":{},"s":{"0":1,"1":4,"2":4,"3":2,"4":2,"5":1,"6":3,"7":3,"8":3,"9":1,"10":2,"11":1,"12":15,"13":15,"14":15,"15":13,"16":2,"17":1,"18":6,"19":6,"20":6,"21":6,"22":3,"23":3,"24":0,"25":1,"26":7,"27":7,"28":7,"29":3,"30":4,"31":0,"32":1,"33":2,"34":2,"35":2,"36":2,"37":0,"38":1,"39":0,"40":0,"41":0,"42":0,"43":0,"44":1},"f":{"0":4,"1":3,"2":15,"3":6,"4":7,"5":2,"6":0},"b":{}}
,"C:\\Users\\EXO\\Documents\\Programación\\Proyectos\\Full\\project-manager-PERN\\api\\src\\middlewares\\product.ts": {"path":"C:\\Users\\EXO\\Documents\\Programación\\Proyectos\\Full\\project-manager-PERN\\api\\src\\middlewares\\product.ts","statementMap":{"0":{"start":{"line":2,"column":0},"end":{"line":2,"column":59}},"1":{"start":{"line":6,"column":2},"end":{"line":8,"column":null}},"2":{"start":{"line":10,"column":2},"end":{"line":14,"column":null}},"3":{"start":{"line":14,"column":20},"end":{"line":14,"column":48}},"4":{"start":{"line":15,"column":15},"end":{"line":15,"column":36}},"5":{"start":{"line":16,"column":2},"end":{"line":18,"column":3}},"6":{"start":{"line":17,"column":4},"end":{"line":17,"column":null}},"7":{"start":{"line":19,"column":2},"end":{"line":19,"column":null}},"8":{"start":{"line":4,"column":0},"end":{"line":4,"column":22}}},"fnMap":{"0":{"name":"postProduct","decl":{"start":{"line":4,"column":22},"end":{"line":4,"column":33}},"loc":{"start":{"line":4,"column":76},"end":{"line":20,"column":null}}},"1":{"name":"(anonymous_9)","decl":{"start":{"line":14,"column":10},"end":{"line":14,"column":11}},"loc":{"start":{"line":14,"column":20},"end":{"line":14,"column":48}}}},"branchMap":{"0":{"loc":{"start":{"line":16,"column":2},"end":{"line":18,"column":3}},"type":"if","locations":[{"start":{"line":16,"column":2},"end":{"line":18,"column":3}}]}},"s":{"0":1,"1":15,"2":15,"3":0,"4":15,"5":15,"6":0,"7":15,"8":1},"f":{"0":15,"1":0},"b":{"0":[0]}}
,"C:\\Users\\EXO\\Documents\\Programación\\Proyectos\\Full\\project-manager-PERN\\api\\src\\models\\Product.ts": {"path":"C:\\Users\\EXO\\Documents\\Programación\\Proyectos\\Full\\project-manager-PERN\\api\\src\\models\\Product.ts","statementMap":{"0":{"start":{"line":1,"column":0},"end":{"line":1,"column":56}},"1":{"start":{"line":3,"column":0},"end":{"line":28,"column":null}},"2":{"start":{"line":4,"column":2},"end":{"line":27,"column":null}}},"fnMap":{"0":{"name":"(anonymous_0)","decl":{"start":{"line":3,"column":15},"end":{"line":3,"column":16}},"loc":{"start":{"line":3,"column":39},"end":{"line":28,"column":1}}}},"branchMap":{},"s":{"0":1,"1":1,"2":1},"f":{"0":1},"b":{}}
,"C:\\Users\\EXO\\Documents\\Programación\\Proyectos\\Full\\project-manager-PERN\\api\\src\\routes\\index.ts": {"path":"C:\\Users\\EXO\\Documents\\Programación\\Proyectos\\Full\\project-manager-PERN\\api\\src\\routes\\index.ts","statementMap":{"0":{"start":{"line":1,"column":0},"end":{"line":1,"column":84}},"1":{"start":{"line":2,"column":0},"end":{"line":2,"column":44}},"2":{"start":{"line":4,"column":19},"end":{"line":4,"column":27}},"3":{"start":{"line":5,"column":0},"end":{"line":7,"column":null}},"4":{"start":{"line":6,"column":2},"end":{"line":6,"column":null}},"5":{"start":{"line":11,"column":0},"end":{"line":11,"column":41}},"6":{"start":{"line":13,"column":0},"end":{"line":17,"column":3}},"7":{"start":{"line":14,"column":20},"end":{"line":14,"column":108}},"8":{"start":{"line":15,"column":2},"end":{"line":15,"column":21}},"9":{"start":{"line":16,"column":2},"end":{"line":16,"column":14}},"10":{"start":{"line":19,"column":0},"end":{"line":23,"column":3}},"11":{"start":{"line":20,"column":2},"end":{"line":22,"column":5}},"12":{"start":{"line":25,"column":0},"end":{"line":25,"column":26}}},"fnMap":{"0":{"name":"(anonymous_1)","decl":{"start":{"line":5,"column":19},"end":{"line":5,"column":20}},"loc":{"start":{"line":5,"column":30},"end":{"line":7,"column":1}}},"1":{"name":"(anonymous_2)","decl":{"start":{"line":13,"column":15},"end":{"line":13,"column":16}},"loc":{"start":{"line":13,"column":34},"end":{"line":17,"column":1}}},"2":{"name":"(anonymous_3)","decl":{"start":{"line":19,"column":15},"end":{"line":19,"column":16}},"loc":{"start":{"line":19,"column":75},"end":{"line":23,"column":1}}}},"branchMap":{"0":{"loc":{"start":{"line":20,"column":13},"end":{"line":20,"column":32}},"type":"binary-expr","locations":[{"start":{"line":20,"column":13},"end":{"line":20,"column":25}},{"start":{"line":20,"column":29},"end":{"line":20,"column":32}}]},"1":{"loc":{"start":{"line":21,"column":13},"end":{"line":21,"column":58}},"type":"binary-expr","locations":[{"start":{"line":21,"column":13},"end":{"line":21,"column":26}},{"start":{"line":21,"column":30},"end":{"line":21,"column":58}}]}},"s":{"0":1,"1":1,"2":1,"3":1,"4":0,"5":1,"6":1,"7":0,"8":0,"9":0,"10":1,"11":0,"12":1},"f":{"0":0,"1":0,"2":0},"b":{"0":[0,0],"1":[0,0]}}
,"C:\\Users\\EXO\\Documents\\Programación\\Proyectos\\Full\\project-manager-PERN\\api\\src\\routes\\productRouter.ts": {"path":"C:\\Users\\EXO\\Documents\\Programación\\Proyectos\\Full\\project-manager-PERN\\api\\src\\routes\\productRouter.ts","statementMap":{"0":{"start":{"line":1,"column":0},"end":{"line":1,"column":33}},"1":{"start":{"line":5,"column":0},"end":{"line":5,"column":92}},"2":{"start":{"line":7,"column":22},"end":{"line":7,"column":30}},"3":{"start":{"line":11,"column":0},"end":{"line":11,"column":53}},"4":{"start":{"line":15,"column":0},"end":{"line":15,"column":null}},"5":{"start":{"line":16,"column":0},"end":{"line":16,"column":null}},"6":{"start":{"line":17,"column":0},"end":{"line":17,"column":null}},"7":{"start":{"line":18,"column":0},"end":{"line":18,"column":null}},"8":{"start":{"line":19,"column":0},"end":{"line":19,"column":null}},"9":{"start":{"line":20,"column":0},"end":{"line":20,"column":null}},"10":{"start":{"line":21,"column":0},"end":{"line":21,"column":null}},"11":{"start":{"line":23,"column":0},"end":{"line":23,"column":29}}},"fnMap":{},"branchMap":{},"s":{"0":1,"1":1,"2":1,"3":1,"4":1,"5":1,"6":1,"7":1,"8":1,"9":1,"10":1,"11":1},"f":{},"b":{}}
}
