TN:
SF:src\app.ts
FNF:0
FNH:0
DA:1,1
DA:2,1
DA:3,1
DA:4,1
DA:6,1
DA:8,1
DA:9,1
DA:10,1
DA:12,1
DA:14,1
LF:10
LH:10
BRF:0
BRH:0
end_of_record
TN:
SF:src\config\db.ts
FN:19,connectDB
FNF:1
FNH:0
FNDA:0,connectDB
DA:1,1
DA:2,1
DA:5,1
DA:8,1
DA:9,1
DA:10,1
DA:11,1
DA:12,1
DA:16,1
DA:19,1
DA:20,0
DA:21,0
DA:22,0
DA:23,0
DA:26,0
DA:31,1
DA:35,1
LF:17
LH:12
BRF:0
BRH:0
end_of_record
TN:
SF:src\controllers\product\01 - createProduct.ts
FN:4,(anonymous_7)
FN:4,(anonymous_8)
FN:14,(anonymous_9)
FN:14,(anonymous_10)
FNF:4
FNH:4
FNDA:10,(anonymous_7)
FNDA:10,(anonymous_8)
FNDA:10,(anonymous_9)
FNDA:10,(anonymous_10)
DA:1,1
DA:4,10
DA:5,10
DA:11,10
DA:14,10
DA:15,10
DA:16,2
DA:19,2
DA:21,2
LF:9
LH:9
BRDA:11,0,0,8
BRF:1
BRH:1
end_of_record
TN:
SF:src\controllers\product\02 - getProducts.ts
FN:3,(anonymous_7)
FN:3,(anonymous_8)
FN:17,(anonymous_9)
FN:17,(anonymous_10)
FNF:4
FNH:4
FNDA:4,(anonymous_7)
FNDA:4,(anonymous_8)
FNDA:9,(anonymous_9)
FNDA:9,(anonymous_10)
DA:1,1
DA:3,4
DA:5,4
DA:12,4
DA:14,4
DA:17,9
DA:19,9
DA:27,5
DA:29,2
LF:9
LH:9
BRDA:12,0,0,0
BRDA:27,1,0,3
BRF:2
BRH:1
end_of_record
TN:
SF:src\controllers\product\03 - updateProduct.ts
FN:5,(anonymous_7)
FN:5,(anonymous_8)
FN:28,(anonymous_9)
FN:28,(anonymous_10)
FNF:4
FNH:2
FNDA:6,(anonymous_7)
FNDA:6,(anonymous_8)
FNDA:0,(anonymous_9)
FNDA:0,(anonymous_10)
DA:1,1
DA:3,1
DA:5,6
DA:7,6
DA:9,2
DA:11,2
DA:21,0
DA:23,0
DA:25,0
DA:28,1
DA:30,0
DA:32,0
DA:34,0
DA:36,0
DA:38,0
LF:15
LH:7
BRDA:9,0,0,0
BRDA:9,1,0,2
BRDA:9,1,1,0
BRDA:21,2,0,0
BRDA:32,3,0,0
BRF:5
BRH:1
end_of_record
TN:
SF:src\controllers\product\04 - deleteProduct.ts
FN:4,(anonymous_7)
FN:4,(anonymous_8)
FN:14,(anonymous_9)
FN:14,(anonymous_10)
FNF:4
FNH:0
FNDA:0,(anonymous_7)
FNDA:0,(anonymous_8)
FNDA:0,(anonymous_9)
FNDA:0,(anonymous_10)
DA:1,1
DA:4,1
DA:5,0
DA:7,0
DA:9,0
DA:11,0
DA:14,1
DA:16,0
DA:22,0
DA:24,0
LF:10
LH:3
BRDA:22,0,0,0
BRF:1
BRH:0
end_of_record
TN:
SF:src\controllers\product\index.ts
FN:7,(anonymous_0)
FN:7,(anonymous_1)
FN:7,(anonymous_2)
FN:7,(anonymous_3)
FN:7,(anonymous_4)
FN:7,(anonymous_5)
FN:7,(anonymous_6)
FNF:7
FNH:4
FNDA:10,(anonymous_0)
FNDA:4,(anonymous_1)
FNDA:3,(anonymous_2)
FNDA:6,(anonymous_3)
FNDA:0,(anonymous_4)
FNDA:0,(anonymous_5)
FNDA:0,(anonymous_6)
DA:1,1
DA:2,1
DA:3,1
DA:4,1
DA:7,11
LF:5
LH:5
BRF:0
BRH:0
end_of_record
TN:
SF:src\handlers\productsHandlers.ts
FN:5,GET
FN:14,GETBYID
FN:26,POST
FN:36,PUT
FN:50,PATCH
FN:61,DELETE
FN:71,TRUEDELETE
FNF:7
FNH:4
FNDA:4,GET
FNDA:3,GETBYID
FNDA:10,POST
FNDA:6,PUT
FNDA:0,PATCH
FNDA:0,DELETE
FNDA:0,TRUEDELETE
DA:2,1
DA:5,1
DA:6,4
DA:7,4
DA:8,4
DA:10,0
DA:14,1
DA:15,3
DA:17,3
DA:18,3
DA:19,0
DA:21,3
DA:26,1
DA:27,10
DA:28,10
DA:29,10
DA:30,2
DA:32,8
DA:36,1
DA:37,6
DA:38,6
DA:40,6
DA:41,6
DA:42,0
DA:44,6
DA:47,0
DA:50,1
DA:51,0
DA:52,0
DA:53,0
DA:54,0
DA:56,0
DA:58,0
DA:61,1
DA:62,0
DA:63,0
DA:64,0
DA:65,0
DA:67,0
DA:71,1
DA:72,0
DA:73,0
DA:74,0
DA:75,0
DA:77,0
LF:45
LH:25
BRF:0
BRH:0
end_of_record
TN:
SF:src\middlewares\product.ts
FN:4,postProduct
FN:14,(anonymous_9)
FNF:2
FNH:1
FNDA:10,postProduct
FNDA:0,(anonymous_9)
DA:2,1
DA:4,1
DA:6,10
DA:10,10
DA:14,0
DA:15,10
DA:16,10
DA:17,0
DA:19,10
LF:9
LH:7
BRDA:16,0,0,0
BRF:1
BRH:0
end_of_record
TN:
SF:src\models\Product.ts
FN:3,(anonymous_0)
FNF:1
FNH:1
FNDA:1,(anonymous_0)
DA:1,1
DA:3,1
DA:4,1
LF:3
LH:3
BRF:0
BRH:0
end_of_record
TN:
SF:src\routes\index.ts
FN:5,(anonymous_1)
FN:13,(anonymous_2)
FN:19,(anonymous_3)
FNF:3
FNH:0
FNDA:0,(anonymous_1)
FNDA:0,(anonymous_2)
FNDA:0,(anonymous_3)
DA:1,1
DA:2,1
DA:4,1
DA:5,1
DA:6,0
DA:11,1
DA:13,1
DA:14,0
DA:15,0
DA:16,0
DA:19,1
DA:20,0
DA:25,1
LF:13
LH:8
BRDA:20,0,0,0
BRDA:20,0,1,0
BRDA:21,1,0,0
BRDA:21,1,1,0
BRF:4
BRH:0
end_of_record
TN:
SF:src\routes\productRouter.ts
FNF:0
FNH:0
DA:1,1
DA:5,1
DA:7,1
DA:11,1
DA:15,1
DA:16,1
DA:17,1
DA:18,1
DA:19,1
DA:20,1
DA:21,1
DA:23,1
LF:12
LH:12
BRF:0
BRH:0
end_of_record
